::1 - - [26/Nov/2025 20:09:26] "GET /projects.html HTTP/1.1" 200 -
::1 - - [26/Nov/2025 20:09:26] "GET /assets/css/style.css?v=14 HTTP/1.1" 200 -
::1 - - [26/Nov/2025 20:09:26] "GET /assets/css/matrix-theme.css?v=14 HTTP/1.1" 200 -
::1 - - [26/Nov/2025 20:09:26] "GET /assets/images/logo.png HTTP/1.1" 200 -
::1 - - [26/Nov/2025 20:09:26] "GET /assets/js/components.js?v=14 HTTP/1.1" 200 -
::1 - - [26/Nov/2025 20:09:26] "GET /assets/js/matrix-rain.js?v=14 HTTP/1.1" 200 -
::1 - - [26/Nov/2025 20:09:26] "GET /assets/js/main.js?v=14 HTTP/1.1" 200 -
::1 - - [26/Nov/2025 20:09:27] "GET /components/footer.html HTTP/1.1" 200 -
::1 - - [26/Nov/2025 20:09:27] "GET /data/projects_data.json?v=14 HTTP/1.1" 200 -
::1 - - [26/Nov/2025 20:09:46] code 404, message File not found
::1 - - [26/Nov/2025 20:09:46] "GET /.well-known/appspecific/com.chrome.devtools.json HTTP/1.1" 404 -
::1 - - [26/Nov/2025 20:10:04] code 404, message File not found
::1 - - [26/Nov/2025 20:10:04] "GET /favicon.ico HTTP/1.1" 404 -
::1 - - [26/Nov/2025 20:10:31] code 404, message File not found
::1 - - [26/Nov/2025 20:10:31] "GET /.well-known/appspecific/com.chrome.devtools.json HTTP/1.1" 404 -
::1 - - [26/Nov/2025 20:10:44] "GET /projects.html HTTP/1.1" 200 -
::1 - - [26/Nov/2025 20:10:44] code 404, message File not found
::1 - - [26/Nov/2025 20:10:44] "GET /.well-known/appspecific/com.chrome.devtools.json HTTP/1.1" 404 -
::1 - - [26/Nov/2025 20:10:45] "GET /assets/css/style.css?v=14 HTTP/1.1" 304 -
::1 - - [26/Nov/2025 20:10:45] "GET /assets/js/main.js?v=14 HTTP/1.1" 200 -
::1 - - [26/Nov/2025 20:10:49] "GET /projects.html HTTP/1.1" 304 -
::1 - - [26/Nov/2025 20:13:16] "GET /projects.html HTTP/1.1" 200 -
::1 - - [26/Nov/2025 20:13:16] "GET /assets/css/style.css?v=15 HTTP/1.1" 200 -
::1 - - [26/Nov/2025 20:13:16] "GET /assets/css/matrix-theme.css?v=15 HTTP/1.1" 200 -
::1 - - [26/Nov/2025 20:13:16] "GET /assets/js/components.js?v=15 HTTP/1.1" 200 -
::1 - - [26/Nov/2025 20:13:16] "GET /assets/js/matrix-rain.js?v=15 HTTP/1.1" 200 -
::1 - - [26/Nov/2025 20:13:16] "GET /assets/js/main.js?v=15 HTTP/1.1" 200 -
::1 - - [26/Nov/2025 20:13:16] "GET /components/footer.html HTTP/1.1" 304 -
::1 - - [26/Nov/2025 20:13:26] "GET /projects.html HTTP/1.1" 304 -
::1 - - [26/Nov/2025 20:13:26] "GET /assets/css/style.css?v=15 HTTP/1.1" 304 -
::1 - - [26/Nov/2025 20:13:31] code 404, message File not found
::1 - - [26/Nov/2025 20:13:31] "GET /.well-known/appspecific/com.chrome.devtools.json HTTP/1.1" 404 -
::1 - - [26/Nov/2025 20:13:31] "GET /assets/css/style.css?v=15 HTTP/1.1" 304 -
::1 - - [26/Nov/2025 20:13:35] "GET /projects.html HTTP/1.1" 304 -
::1 - - [26/Nov/2025 20:13:35] code 404, message File not found
::1 - - [26/Nov/2025 20:13:35] "GET /.well-known/appspecific/com.chrome.devtools.json HTTP/1.1" 404 -
::1 - - [26/Nov/2025 20:13:44] "GET /projects.html HTTP/1.1" 304 -
::1 - - [26/Nov/2025 20:13:44] code 404, message File not found
::1 - - [26/Nov/2025 20:13:44] "GET /.well-known/appspecific/com.chrome.devtools.json HTTP/1.1" 404 -
::1 - - [26/Nov/2025 20:13:44] "GET /assets/css/style.css?v=15 HTTP/1.1" 304 -
::1 - - [26/Nov/2025 20:13:44] "GET /assets/js/main.js?v=15 HTTP/1.1" 304 -
::1 - - [26/Nov/2025 20:14:03] code 404, message File not found
::1 - - [26/Nov/2025 20:14:03] "GET /.well-known/appspecific/com.chrome.devtools.json HTTP/1.1" 404 -
::1 - - [26/Nov/2025 20:14:03] "GET /assets/css/style.css?v=15 HTTP/1.1" 304 -
::1 - - [26/Nov/2025 20:14:05] "GET /projects.html HTTP/1.1" 304 -
::1 - - [26/Nov/2025 20:14:05] code 404, message File not found
::1 - - [26/Nov/2025 20:14:05] "GET /.well-known/appspecific/com.chrome.devtools.json HTTP/1.1" 404 -
::1 - - [26/Nov/2025 20:15:05] "GET /projects.html HTTP/1.1" 304 -
::1 - - [26/Nov/2025 20:15:06] "GET /assets/css/style.css?v=15 HTTP/1.1" 304 -
::1 - - [26/Nov/2025 20:15:06] "GET /assets/js/main.js?v=15 HTTP/1.1" 304 -
::1 - - [26/Nov/2025 20:15:31] "GET /projects.html HTTP/1.1" 304 -
::1 - - [26/Nov/2025 20:15:31] "GET /assets/css/style.css?v=15 HTTP/1.1" 304 -
::1 - - [26/Nov/2025 20:15:32] "GET /projects.html HTTP/1.1" 304 -
::1 - - [26/Nov/2025 20:15:33] "GET /projects.html HTTP/1.1" 304 -
::1 - - [26/Nov/2025 20:15:33] "GET /projects.html HTTP/1.1" 304 -
::1 - - [26/Nov/2025 20:15:35] code 404, message File not found
::1 - - [26/Nov/2025 20:15:35] "GET /.well-known/appspecific/com.chrome.devtools.json HTTP/1.1" 404 -
::1 - - [26/Nov/2025 20:15:37] "GET /projects.html HTTP/1.1" 304 -
::1 - - [26/Nov/2025 20:15:37] code 404, message File not found
::1 - - [26/Nov/2025 20:15:37] "GET /.well-known/appspecific/com.chrome.devtools.json HTTP/1.1" 404 -
::1 - - [26/Nov/2025 20:15:37] "GET /assets/js/main.js?v=15 HTTP/1.1" 200 -
::1 - - [26/Nov/2025 20:15:37] "GET /data/projects_data.json?v=14 HTTP/1.1" 304 -
::1 - - [26/Nov/2025 20:16:38] code 404, message File not found
::1 - - [26/Nov/2025 20:16:38] "GET /assets/css/style.css?v=15 HTTP/1.1" 304 -
::1 - - [26/Nov/2025 20:16:38] "GET /.well-known/appspecific/com.chrome.devtools.json HTTP/1.1" 404 -
::1 - - [26/Nov/2025 20:18:01] "GET /projects.html HTTP/1.1" 304 -
::1 - - [26/Nov/2025 20:18:01] "GET /assets/css/style.css?v=15 HTTP/1.1" 304 -
::1 - - [26/Nov/2025 20:18:01] "GET /assets/js/components.js?v=15 HTTP/1.1" 304 -
::1 - - [26/Nov/2025 20:18:01] "GET /assets/js/main.js?v=15 HTTP/1.1" 304 -
::1 - - [26/Nov/2025 20:18:01] "GET /components/footer.html HTTP/1.1" 304 -
::1 - - [26/Nov/2025 20:18:01] "GET /data/projects_data.json?v=14 HTTP/1.1" 304 -
::1 - - [26/Nov/2025 20:18:03] "GET /projects.html HTTP/1.1" 304 -
::1 - - [26/Nov/2025 20:19:21] "GET /data/projects_data.json HTTP/1.1" 200 -
::1 - - [26/Nov/2025 20:19:42] code 404, message File not found
::1 - - [26/Nov/2025 20:19:43] "GET /.well-known/appspecific/com.chrome.devtools.json HTTP/1.1" 404 -
::1 - - [26/Nov/2025 20:19:43] "GET /assets/css/style.css?v=15 HTTP/1.1" 304 -
::1 - - [26/Nov/2025 20:20:10] "GET /projects.html HTTP/1.1" 200 -
::1 - - [26/Nov/2025 20:20:10] code 404, message File not found
::1 - - [26/Nov/2025 20:20:10] "GET /.well-known/appspecific/com.chrome.devtools.json HTTP/1.1" 404 -
::1 - - [26/Nov/2025 20:20:10] "GET /assets/js/components.js?v=16 HTTP/1.1" 200 -
::1 - - [26/Nov/2025 20:20:10] "GET /assets/js/matrix-rain.js?v=16 HTTP/1.1" 200 -
::1 - - [26/Nov/2025 20:20:10] "GET /assets/js/main.js?v=16 HTTP/1.1" 200 -
::1 - - [26/Nov/2025 20:20:10] "GET /data/projects_data.json?v=16 HTTP/1.1" 200 -
::1 - - [26/Nov/2025 20:20:17] "GET /projects.html HTTP/1.1" 304 -
::1 - - [26/Nov/2025 20:20:17] "GET /assets/js/main.js?v=16 HTTP/1.1" 304 -
::1 - - [26/Nov/2025 20:20:22] "GET /projects.html HTTP/1.1" 304 -
::1 - - [26/Nov/2025 20:20:22] "GET /assets/js/main.js?v=16 HTTP/1.1" 304 -
::1 - - [26/Nov/2025 20:20:23] "GET /projects.html HTTP/1.1" 304 -
::1 - - [26/Nov/2025 20:20:23] "GET /assets/js/main.js?v=16 HTTP/1.1" 304 -
::1 - - [26/Nov/2025 20:20:29] "GET /projects.html HTTP/1.1" 304 -
::1 - - [26/Nov/2025 20:20:29] "GET /assets/css/style.css?v=15 HTTP/1.1" 304 -
::1 - - [26/Nov/2025 20:20:29] "GET /assets/js/main.js?v=16 HTTP/1.1" 304 -
::1 - - [26/Nov/2025 20:20:52] "GET /projects.html HTTP/1.1" 304 -
::1 - - [26/Nov/2025 20:20:52] "GET /assets/js/main.js?v=16 HTTP/1.1" 304 -
::1 - - [26/Nov/2025 20:20:56] code 404, message File not found
::1 - - [26/Nov/2025 20:20:56] "GET /.well-known/appspecific/com.chrome.devtools.json HTTP/1.1" 404 -
::1 - - [26/Nov/2025 20:21:00] "GET /projects.html HTTP/1.1" 304 -
::1 - - [26/Nov/2025 20:21:00] code 404, message File not found
::1 - - [26/Nov/2025 20:21:00] "GET /.well-known/appspecific/com.chrome.devtools.json HTTP/1.1" 404 -
::1 - - [26/Nov/2025 20:21:00] "GET /assets/js/main.js?v=16 HTTP/1.1" 304 -
::1 - - [26/Nov/2025 20:22:16] "GET /gallery.html HTTP/1.1" 200 -
::1 - - [26/Nov/2025 20:22:16] "GET /assets/js/components.js?v=10 HTTP/1.1" 200 -
::1 - - [26/Nov/2025 20:22:16] "GET /assets/css/style.css?v=10 HTTP/1.1" 200 -
::1 - - [26/Nov/2025 20:22:16] "GET /assets/css/matrix-theme.css?v=10 HTTP/1.1" 200 -
::1 - - [26/Nov/2025 20:22:16] "GET /assets/js/matrix-rain.js?v=10 HTTP/1.1" 200 -
::1 - - [26/Nov/2025 20:22:16] "GET /assets/js/main.js?v=10 HTTP/1.1" 200 -
::1 - - [26/Nov/2025 20:22:16] "GET /components/footer.html HTTP/1.1" 304 -
::1 - - [26/Nov/2025 20:22:16] "GET /data/projects_data.json?v=16 HTTP/1.1" 304 -
::1 - - [26/Nov/2025 20:22:16] "GET /assets/images/gallery/event-002.jpg HTTP/1.1" 200 -
::1 - - [26/Nov/2025 20:22:16] "GET /assets/images/gallery/event-001.jpg HTTP/1.1" 200 -
::1 - - [26/Nov/2025 20:22:16] "GET /assets/images/gallery/event-003.jpg HTTP/1.1" 200 -
::1 - - [26/Nov/2025 20:22:16] "GET /assets/images/gallery/event-004.jpg HTTP/1.1" 200 -
::1 - - [26/Nov/2025 20:22:16] "GET /assets/images/gallery/event-005.jpg HTTP/1.1" 200 -
::1 - - [26/Nov/2025 20:22:16] "GET /assets/images/gallery/event-006.jpg HTTP/1.1" 200 -
::1 - - [26/Nov/2025 20:22:16] "GET /assets/images/gallery/event-007.jpg HTTP/1.1" 200 -
::1 - - [26/Nov/2025 20:22:16] "GET /assets/images/gallery/event-008.jpg HTTP/1.1" 200 -
::1 - - [26/Nov/2025 20:22:16] "GET /assets/images/gallery/event-009.jpg HTTP/1.1" 200 -
::1 - - [26/Nov/2025 20:22:17] "GET /assets/images/gallery/event-010.jpg HTTP/1.1" 200 -
::1 - - [26/Nov/2025 20:22:43] "GET /projects.html HTTP/1.1" 200 -
::1 - - [26/Nov/2025 20:22:43] "GET /assets/css/style.css?v=15 HTTP/1.1" 304 -
::1 - - [26/Nov/2025 20:22:43] "GET /assets/js/components.js?v=17 HTTP/1.1" 200 -
::1 - - [26/Nov/2025 20:22:43] "GET /assets/css/matrix-theme.css?v=15 HTTP/1.1" 304 -
::1 - - [26/Nov/2025 20:22:43] "GET /assets/js/matrix-rain.js?v=17 HTTP/1.1" 200 -
::1 - - [26/Nov/2025 20:22:43] "GET /assets/js/main.js?v=17 HTTP/1.1" 200 -
::1 - - [26/Nov/2025 20:22:43] "GET /data/projects_data.json?v=17 HTTP/1.1" 200 -
::1 - - [26/Nov/2025 20:22:45] "GET /projects.html HTTP/1.1" 304 -
::1 - - [26/Nov/2025 20:22:45] "GET /assets/js/main.js?v=17 HTTP/1.1" 304 -
::1 - - [26/Nov/2025 20:23:02] code 404, message File not found
::1 - - [26/Nov/2025 20:23:02] "GET /.well-known/appspecific/com.chrome.devtools.json HTTP/1.1" 404 -
::1 - - [26/Nov/2025 20:24:43] "GET /projects.html HTTP/1.1" 200 -
::1 - - [26/Nov/2025 20:24:44] code 404, message File not found
::1 - - [26/Nov/2025 20:24:44] "GET /.well-known/appspecific/com.chrome.devtools.json HTTP/1.1" 404 -
::1 - - [26/Nov/2025 20:24:44] "GET /assets/css/style.css?v=15 HTTP/1.1" 304 -
::1 - - [26/Nov/2025 20:24:44] "GET /assets/js/matrix-rain.js?v=18 HTTP/1.1" 200 -
::1 - - [26/Nov/2025 20:24:44] "GET /assets/js/components.js?v=18 HTTP/1.1" 200 -
::1 - - [26/Nov/2025 20:24:44] "GET /assets/js/main.js?v=18 HTTP/1.1" 200 -
::1 - - [26/Nov/2025 20:24:44] "GET /data/projects_data.json?v=18 HTTP/1.1" 200 -
::1 - - [26/Nov/2025 20:24:46] "GET /projects.html HTTP/1.1" 304 -
::1 - - [26/Nov/2025 20:24:46] code 404, message File not found
::1 - - [26/Nov/2025 20:24:46] "GET /.well-known/appspecific/com.chrome.devtools.json HTTP/1.1" 404 -
::1 - - [26/Nov/2025 20:24:46] "GET /assets/js/main.js?v=18 HTTP/1.1" 304 -
::1 - - [26/Nov/2025 20:24:48] "GET /projects.html HTTP/1.1" 304 -
::1 - - [26/Nov/2025 20:24:48] "GET /projects.html HTTP/1.1" 304 -
::1 - - [26/Nov/2025 20:24:48] code 404, message File not found
::1 - - [26/Nov/2025 20:24:48] "GET /.well-known/appspecific/com.chrome.devtools.json HTTP/1.1" 404 -
::1 - - [26/Nov/2025 20:24:48] "GET /assets/js/main.js?v=18 HTTP/1.1" 304 -
::1 - - [26/Nov/2025 20:24:48] "GET /assets/js/main.js?v=18 HTTP/1.1" 304 -
::1 - - [26/Nov/2025 20:24:50] "GET /projects.html HTTP/1.1" 304 -
::1 - - [26/Nov/2025 20:24:51] "GET /assets/js/main.js?v=18 HTTP/1.1" 304 -
::1 - - [26/Nov/2025 20:24:53] "GET /projects.html HTTP/1.1" 304 -
::1 - - [26/Nov/2025 20:24:53] "GET /assets/js/main.js?v=18 HTTP/1.1" 304 -
::1 - - [26/Nov/2025 20:24:56] "GET /projects.html HTTP/1.1" 304 -
::1 - - [26/Nov/2025 20:24:56] "GET /assets/js/main.js?v=18 HTTP/1.1" 304 -
::1 - - [26/Nov/2025 20:25:00] "GET /projects.html HTTP/1.1" 304 -
::1 - - [26/Nov/2025 20:25:00] "GET /assets/js/main.js?v=18 HTTP/1.1" 304 -
::1 - - [26/Nov/2025 20:25:11] code 404, message File not found
::1 - - [26/Nov/2025 20:25:11] "GET /.well-known/appspecific/com.chrome.devtools.json HTTP/1.1" 404 -
::1 - - [26/Nov/2025 20:25:28] "GET /projects.html HTTP/1.1" 304 -
::1 - - [26/Nov/2025 20:25:28] code 404, message File not found
::1 - - [26/Nov/2025 20:25:28] "GET /.well-known/appspecific/com.chrome.devtools.json HTTP/1.1" 404 -
::1 - - [26/Nov/2025 20:25:28] "GET /assets/js/main.js?v=18 HTTP/1.1" 304 -
::1 - - [26/Nov/2025 20:25:29] "GET /projects.html HTTP/1.1" 304 -
::1 - - [26/Nov/2025 20:25:29] code 404, message File not found
::1 - - [26/Nov/2025 20:25:29] "GET /.well-known/appspecific/com.chrome.devtools.json HTTP/1.1" 404 -
::1 - - [26/Nov/2025 20:25:46] "GET /projects.html HTTP/1.1" 304 -
::1 - - [26/Nov/2025 20:25:46] "GET /assets/js/main.js?v=18 HTTP/1.1" 304 -
::1 - - [26/Nov/2025 20:28:04] "GET /projects.html HTTP/1.1" 200 -
::1 - - [26/Nov/2025 20:28:04] "GET /assets/css/style.css?v=19 HTTP/1.1" 200 -
::1 - - [26/Nov/2025 20:28:04] "GET /assets/css/matrix-theme.css?v=19 HTTP/1.1" 200 -
::1 - - [26/Nov/2025 20:28:04] "GET /assets/js/components.js?v=19 HTTP/1.1" 200 -
::1 - - [26/Nov/2025 20:28:04] "GET /assets/js/matrix-rain.js?v=19 HTTP/1.1" 200 -
::1 - - [26/Nov/2025 20:28:04] "GET /assets/js/main.js?v=19 HTTP/1.1" 200 -
::1 - - [26/Nov/2025 20:28:04] "GET /data/projects_data.json?v=19 HTTP/1.1" 200 -
::1 - - [26/Nov/2025 20:28:04] "GET /components/footer.html HTTP/1.1" 304 -
::1 - - [26/Nov/2025 20:28:08] "GET /projects.html HTTP/1.1" 304 -
::1 - - [26/Nov/2025 20:28:08] "GET /assets/js/main.js?v=19 HTTP/1.1" 304 -
::1 - - [26/Nov/2025 20:28:08] "GET /assets/css/style.css?v=19 HTTP/1.1" 304 -
::1 - - [26/Nov/2025 20:28:13] code 404, message File not found
::1 - - [26/Nov/2025 20:28:13] "GET /.well-known/appspecific/com.chrome.devtools.json HTTP/1.1" 404 -
::1 - - [26/Nov/2025 20:28:13] "GET /assets/css/style.css?v=19 HTTP/1.1" 304 -
::1 - - [26/Nov/2025 20:28:51] "GET /projects.html HTTP/1.1" 200 -
::1 - - [26/Nov/2025 20:28:51] "GET /assets/css/style.css?v=19 HTTP/1.1" 304 -
::1 - - [26/Nov/2025 20:28:51] "GET /assets/js/components.js?v=20 HTTP/1.1" 200 -
::1 - - [26/Nov/2025 20:28:51] "GET /assets/js/main.js?v=20 HTTP/1.1" 200 -
::1 - - [26/Nov/2025 20:28:51] "GET /assets/js/matrix-rain.js?v=20 HTTP/1.1" 200 -
::1 - - [26/Nov/2025 20:28:51] "GET /data/projects_data.json?v=20 HTTP/1.1" 200 -
::1 - - [26/Nov/2025 20:28:53] "GET /projects.html HTTP/1.1" 304 -
::1 - - [26/Nov/2025 20:28:53] "GET /assets/js/main.js?v=20 HTTP/1.1" 304 -
::1 - - [26/Nov/2025 20:28:59] code 404, message File not found
::1 - - [26/Nov/2025 20:28:59] "GET /.well-known/appspecific/com.chrome.devtools.json HTTP/1.1" 404 -
::1 - - [26/Nov/2025 20:30:26] "GET /projects.html HTTP/1.1" 304 -
::1 - - [26/Nov/2025 20:30:26] code 404, message File not found
::1 - - [26/Nov/2025 20:30:26] "GET /.well-known/appspecific/com.chrome.devtools.json HTTP/1.1" 404 -
::1 - - [26/Nov/2025 20:30:26] "GET /assets/css/style.css?v=19 HTTP/1.1" 304 -
::1 - - [26/Nov/2025 20:30:26] "GET /assets/images/logo.png HTTP/1.1" 304 -
::1 - - [26/Nov/2025 20:30:26] "GET /assets/js/main.js?v=20 HTTP/1.1" 200 -
::1 - - [26/Nov/2025 20:30:30] "GET /projects.html HTTP/1.1" 304 -
::1 - - [26/Nov/2025 20:30:30] code 404, message File not found
::1 - - [26/Nov/2025 20:30:30] "GET /.well-known/appspecific/com.chrome.devtools.json HTTP/1.1" 404 -
::1 - - [26/Nov/2025 20:30:30] "GET /assets/js/main.js?v=20 HTTP/1.1" 304 -
::1 - - [26/Nov/2025 20:30:54] "GET /projects.html HTTP/1.1" 200 -
::1 - - [26/Nov/2025 20:30:55] code 404, message File not found
::1 - - [26/Nov/2025 20:30:55] "GET /.well-known/appspecific/com.chrome.devtools.json HTTP/1.1" 404 -
::1 - - [26/Nov/2025 20:30:55] "GET /assets/js/matrix-rain.js?v=21 HTTP/1.1" 200 -
::1 - - [26/Nov/2025 20:30:55] "GET /assets/css/style.css?v=19 HTTP/1.1" 304 -
::1 - - [26/Nov/2025 20:30:55] "GET /assets/js/main.js?v=21 HTTP/1.1" 200 -
::1 - - [26/Nov/2025 20:30:55] "GET /assets/js/components.js?v=21 HTTP/1.1" 200 -
::1 - - [26/Nov/2025 20:30:55] "GET /data/projects_data.json?v=21 HTTP/1.1" 200 -
::1 - - [26/Nov/2025 20:31:09] "GET /projects.html HTTP/1.1" 304 -
::1 - - [26/Nov/2025 20:31:09] "GET /assets/js/main.js?v=21 HTTP/1.1" 304 -
::1 - - [26/Nov/2025 20:31:09] code 404, message File not found
::1 - - [26/Nov/2025 20:31:09] "GET /.well-known/appspecific/com.chrome.devtools.json HTTP/1.1" 404 -
::1 - - [26/Nov/2025 20:31:12] "GET /projects.html HTTP/1.1" 304 -
::1 - - [26/Nov/2025 20:31:12] "GET /assets/js/main.js?v=21 HTTP/1.1" 304 -
::1 - - [26/Nov/2025 20:31:22] code 404, message File not found
::1 - - [26/Nov/2025 20:31:22] "GET /.well-known/appspecific/com.chrome.devtools.json HTTP/1.1" 404 -
::1 - - [26/Nov/2025 20:31:22] "GET /assets/css/style.css?v=19 HTTP/1.1" 304 -
::1 - - [26/Nov/2025 20:32:31] "GET /projects.html HTTP/1.1" 200 -
::1 - - [26/Nov/2025 20:32:31] code 404, message File not found
::1 - - [26/Nov/2025 20:32:31] "GET /.well-known/appspecific/com.chrome.devtools.json HTTP/1.1" 404 -
::1 - - [26/Nov/2025 20:32:31] "GET /assets/css/matrix-theme.css?v=19 HTTP/1.1" 200 -
::1 - - [26/Nov/2025 20:32:31] "GET /assets/images/logo.png HTTP/1.1" 200 -
::1 - - [26/Nov/2025 20:32:31] "GET /assets/css/style.css?v=19 HTTP/1.1" 200 -
::1 - - [26/Nov/2025 20:32:31] "GET /assets/js/components.js?v=21 HTTP/1.1" 200 -
::1 - - [26/Nov/2025 20:32:31] "GET /assets/js/matrix-rain.js?v=21 HTTP/1.1" 200 -
::1 - - [26/Nov/2025 20:32:31] "GET /assets/js/main.js?v=21 HTTP/1.1" 200 -
::1 - - [26/Nov/2025 20:32:31] "GET /data/projects_data.json?v=21 HTTP/1.1" 200 -
::1 - - [26/Nov/2025 20:32:31] "GET /components/footer.html HTTP/1.1" 200 -
::1 - - [26/Nov/2025 20:32:32] code 404, message File not found
::1 - - [26/Nov/2025 20:32:32] "GET /favicon.ico HTTP/1.1" 404 -
::1 - - [26/Nov/2025 20:32:39] "GET /projects.html HTTP/1.1" 200 -
::1 - - [26/Nov/2025 20:32:39] "GET /assets/js/components.js?v=21 HTTP/1.1" 200 -
::1 - - [26/Nov/2025 20:32:39] "GET /assets/css/style.css?v=19 HTTP/1.1" 200 -
::1 - - [26/Nov/2025 20:32:39] "GET /assets/css/matrix-theme.css?v=19 HTTP/1.1" 200 -
::1 - - [26/Nov/2025 20:32:39] "GET /assets/images/logo.png HTTP/1.1" 200 -
::1 - - [26/Nov/2025 20:32:39] "GET /assets/js/matrix-rain.js?v=21 HTTP/1.1" 200 -
::1 - - [26/Nov/2025 20:32:39] "GET /assets/js/main.js?v=21 HTTP/1.1" 200 -
::1 - - [26/Nov/2025 20:32:39] "GET /components/footer.html HTTP/1.1" 200 -
::1 - - [26/Nov/2025 20:32:39] "GET /data/projects_data.json?v=21 HTTP/1.1" 200 -
::1 - - [26/Nov/2025 20:33:29] "GET /projects.html HTTP/1.1" 200 -
::1 - - [26/Nov/2025 20:33:29] "GET /assets/css/style.css?v=22 HTTP/1.1" 200 -
::1 - - [26/Nov/2025 20:33:29] code 404, message File not found
::1 - - [26/Nov/2025 20:33:29] "GET /.well-known/appspecific/com.chrome.devtools.json HTTP/1.1" 404 -
::1 - - [26/Nov/2025 20:33:29] "GET /assets/css/matrix-theme.css?v=22 HTTP/1.1" 200 -
::1 - - [26/Nov/2025 20:33:29] "GET /assets/js/components.js?v=22 HTTP/1.1" 200 -
::1 - - [26/Nov/2025 20:33:29] "GET /assets/js/matrix-rain.js?v=22 HTTP/1.1" 200 -
::1 - - [26/Nov/2025 20:33:29] "GET /assets/js/main.js?v=22 HTTP/1.1" 200 -
::1 - - [26/Nov/2025 20:33:29] "GET /data/projects_data.json?v=22 HTTP/1.1" 200 -
::1 - - [26/Nov/2025 20:33:30] "GET /projects.html HTTP/1.1" 304 -
::1 - - [26/Nov/2025 20:33:30] code 404, message File not found
::1 - - [26/Nov/2025 20:33:30] "GET /.well-known/appspecific/com.chrome.devtools.json HTTP/1.1" 404 -
::1 - - [26/Nov/2025 20:33:30] "GET /assets/js/main.js?v=22 HTTP/1.1" 304 -
::1 - - [26/Nov/2025 20:33:43] "GET /projects.html HTTP/1.1" 304 -
::1 - - [26/Nov/2025 20:33:43] "GET /assets/css/style.css?v=22 HTTP/1.1" 304 -
::1 - - [26/Nov/2025 20:33:43] "GET /assets/js/main.js?v=22 HTTP/1.1" 304 -
::1 - - [26/Nov/2025 20:34:13] "GET /projects.html HTTP/1.1" 304 -
::1 - - [26/Nov/2025 20:34:13] "GET /assets/css/style.css?v=22 HTTP/1.1" 304 -
::1 - - [26/Nov/2025 20:34:13] "GET /assets/js/main.js?v=22 HTTP/1.1" 304 -
::1 - - [26/Nov/2025 20:34:52] "GET /data/projects_data.json HTTP/1.1" 200 -
::1 - - [26/Nov/2025 20:37:28] "GET /projects.html HTTP/1.1" 200 -
::1 - - [26/Nov/2025 20:37:28] "GET /assets/css/style.css?v=22 HTTP/1.1" 304 -
::1 - - [26/Nov/2025 20:37:28] "GET /assets/js/components.js?v=23 HTTP/1.1" 200 -
::1 - - [26/Nov/2025 20:37:28] "GET /assets/js/main.js?v=23 HTTP/1.1" 200 -
::1 - - [26/Nov/2025 20:37:28] "GET /assets/js/matrix-rain.js?v=23 HTTP/1.1" 200 -
::1 - - [26/Nov/2025 20:37:29] "GET /data/projects_data.json?v=23 HTTP/1.1" 200 -
::1 - - [26/Nov/2025 20:39:15] "GET /projects.html HTTP/1.1" 200 -
::1 - - [26/Nov/2025 20:39:15] "GET /assets/css/style.css?v=22 HTTP/1.1" 304 -
::1 - - [26/Nov/2025 20:39:15] "GET /assets/js/components.js?v=24 HTTP/1.1" 200 -
::1 - - [26/Nov/2025 20:39:15] "GET /assets/js/matrix-rain.js?v=24 HTTP/1.1" 200 -
::1 - - [26/Nov/2025 20:39:15] "GET /assets/js/main.js?v=24 HTTP/1.1" 200 -
::1 - - [26/Nov/2025 20:39:15] "GET /data/projects_data.json?v=24 HTTP/1.1" 200 -
::1 - - [26/Nov/2025 20:39:15] "GET /components/footer.html HTTP/1.1" 304 -
::1 - - [26/Nov/2025 20:39:41] "GET /projects.html HTTP/1.1" 304 -
::1 - - [26/Nov/2025 20:39:41] "GET /assets/js/main.js?v=24 HTTP/1.1" 304 -
::1 - - [26/Nov/2025 20:39:42] "GET /projects.html HTTP/1.1" 304 -
::1 - - [26/Nov/2025 20:39:43] "GET /projects.html HTTP/1.1" 200 -
::1 - - [26/Nov/2025 20:39:43] "GET /assets/css/style.css?v=22 HTTP/1.1" 200 -
::1 - - [26/Nov/2025 20:39:43] "GET /assets/css/matrix-theme.css?v=22 HTTP/1.1" 200 -
::1 - - [26/Nov/2025 20:39:43] "GET /assets/images/logo.png HTTP/1.1" 200 -
::1 - - [26/Nov/2025 20:39:43] "GET /assets/js/components.js?v=24 HTTP/1.1" 200 -
::1 - - [26/Nov/2025 20:39:43] "GET /assets/js/main.js?v=24 HTTP/1.1" 200 -
::1 - - [26/Nov/2025 20:39:43] "GET /assets/js/matrix-rain.js?v=24 HTTP/1.1" 200 -
::1 - - [26/Nov/2025 20:39:43] "GET /data/projects_data.json?v=24 HTTP/1.1" 200 -
::1 - - [26/Nov/2025 20:39:43] "GET /components/footer.html HTTP/1.1" 200 -
::1 - - [26/Nov/2025 20:39:43] code 404, message File not found
::1 - - [26/Nov/2025 20:39:43] "GET /favicon.ico HTTP/1.1" 404 -
::1 - - [26/Nov/2025 20:39:45] "GET /projects.html HTTP/1.1" 200 -
::1 - - [26/Nov/2025 20:39:45] "GET /assets/css/style.css?v=22 HTTP/1.1" 200 -
::1 - - [26/Nov/2025 20:39:45] "GET /assets/css/matrix-theme.css?v=22 HTTP/1.1" 200 -
::1 - - [26/Nov/2025 20:39:45] "GET /assets/images/logo.png HTTP/1.1" 200 -
::1 - - [26/Nov/2025 20:39:45] "GET /assets/js/components.js?v=24 HTTP/1.1" 200 -
::1 - - [26/Nov/2025 20:39:45] "GET /assets/js/main.js?v=24 HTTP/1.1" 200 -
::1 - - [26/Nov/2025 20:39:45] "GET /assets/js/matrix-rain.js?v=24 HTTP/1.1" 200 -
::1 - - [26/Nov/2025 20:39:45] "GET /components/footer.html HTTP/1.1" 200 -
::1 - - [26/Nov/2025 20:39:45] "GET /data/projects_data.json?v=24 HTTP/1.1" 200 -
::1 - - [26/Nov/2025 20:39:45] code 404, message File not found
::1 - - [26/Nov/2025 20:39:45] "GET /favicon.ico HTTP/1.1" 404 -
::1 - - [26/Nov/2025 20:39:46] "GET /projects.html HTTP/1.1" 304 -
::1 - - [26/Nov/2025 20:39:46] "GET /projects.html HTTP/1.1" 304 -
::1 - - [26/Nov/2025 20:39:46] "GET /projects.html HTTP/1.1" 304 -
::1 - - [26/Nov/2025 20:39:47] "GET /projects.html HTTP/1.1" 304 -
::1 - - [26/Nov/2025 20:39:47] "GET /projects.html HTTP/1.1" 304 -
::1 - - [26/Nov/2025 20:39:47] "GET /projects.html HTTP/1.1" 200 -
::1 - - [26/Nov/2025 20:39:47] "GET /assets/css/style.css?v=22 HTTP/1.1" 200 -
::1 - - [26/Nov/2025 20:39:47] "GET /assets/css/matrix-theme.css?v=22 HTTP/1.1" 200 -
::1 - - [26/Nov/2025 20:39:47] "GET /assets/images/logo.png HTTP/1.1" 200 -
::1 - - [26/Nov/2025 20:39:47] "GET /assets/js/components.js?v=24 HTTP/1.1" 200 -
::1 - - [26/Nov/2025 20:39:47] "GET /assets/js/main.js?v=24 HTTP/1.1" 200 -
::1 - - [26/Nov/2025 20:39:47] "GET /assets/js/matrix-rain.js?v=24 HTTP/1.1" 200 -
::1 - - [26/Nov/2025 20:39:47] "GET /components/footer.html HTTP/1.1" 200 -
::1 - - [26/Nov/2025 20:39:47] "GET /data/projects_data.json?v=24 HTTP/1.1" 200 -
::1 - - [26/Nov/2025 20:39:47] code 404, message File not found
::1 - - [26/Nov/2025 20:39:47] "GET /favicon.ico HTTP/1.1" 404 -
::1 - - [26/Nov/2025 20:39:48] "GET /projects.html HTTP/1.1" 200 -
::1 - - [26/Nov/2025 20:39:48] "GET /assets/css/style.css?v=22 HTTP/1.1" 200 -
::1 - - [26/Nov/2025 20:39:48] "GET /assets/css/matrix-theme.css?v=22 HTTP/1.1" 200 -
::1 - - [26/Nov/2025 20:39:48] "GET /assets/images/logo.png HTTP/1.1" 200 -
::1 - - [26/Nov/2025 20:39:48] "GET /assets/js/components.js?v=24 HTTP/1.1" 200 -
::1 - - [26/Nov/2025 20:39:48] "GET /assets/js/matrix-rain.js?v=24 HTTP/1.1" 200 -
::1 - - [26/Nov/2025 20:39:48] "GET /assets/js/main.js?v=24 HTTP/1.1" 200 -
::1 - - [26/Nov/2025 20:39:48] "GET /components/footer.html HTTP/1.1" 200 -
::1 - - [26/Nov/2025 20:39:48] "GET /data/projects_data.json?v=24 HTTP/1.1" 200 -
::1 - - [26/Nov/2025 20:39:48] code 404, message File not found
::1 - - [26/Nov/2025 20:39:48] "GET /favicon.ico HTTP/1.1" 404 -
::1 - - [26/Nov/2025 20:40:49] "GET /projects.html HTTP/1.1" 200 -
::1 - - [26/Nov/2025 20:40:49] "GET /assets/css/style.css?v=25 HTTP/1.1" 200 -
::1 - - [26/Nov/2025 20:40:49] "GET /assets/css/matrix-theme.css?v=25 HTTP/1.1" 200 -
::1 - - [26/Nov/2025 20:40:49] "GET /assets/js/components.js?v=25 HTTP/1.1" 200 -
::1 - - [26/Nov/2025 20:40:49] "GET /assets/js/matrix-rain.js?v=25 HTTP/1.1" 200 -
::1 - - [26/Nov/2025 20:40:49] "GET /assets/js/main.js?v=25 HTTP/1.1" 200 -
::1 - - [26/Nov/2025 20:40:49] "GET /data/projects_data.json?v=25 HTTP/1.1" 200 -
::1 - - [26/Nov/2025 20:42:51] "GET /projects.html HTTP/1.1" 200 -
::1 - - [26/Nov/2025 20:42:51] "GET /assets/css/style.css?v=25 HTTP/1.1" 304 -
::1 - - [26/Nov/2025 20:42:51] "GET /assets/js/components.js?v=26 HTTP/1.1" 200 -
::1 - - [26/Nov/2025 20:42:52] "GET /assets/js/main.js?v=26 HTTP/1.1" 200 -
::1 - - [26/Nov/2025 20:42:52] "GET /assets/js/matrix-rain.js?v=26 HTTP/1.1" 200 -
::1 - - [26/Nov/2025 20:42:52] "GET /data/projects_data.json?v=26 HTTP/1.1" 200 -
::1 - - [26/Nov/2025 20:52:09] "GET /projects.html HTTP/1.1" 200 -
::1 - - [26/Nov/2025 20:52:09] "GET /assets/css/style.css?v=25 HTTP/1.1" 304 -
::1 - - [26/Nov/2025 20:52:09] "GET /assets/css/matrix-theme.css?v=25 HTTP/1.1" 304 -
::1 - - [26/Nov/2025 20:52:09] "GET /assets/js/components.js?v=27 HTTP/1.1" 200 -
::1 - - [26/Nov/2025 20:52:10] "GET /assets/js/matrix-rain.js?v=27 HTTP/1.1" 200 -
::1 - - [26/Nov/2025 20:52:10] "GET /assets/js/main.js?v=27 HTTP/1.1" 200 -
::1 - - [26/Nov/2025 20:52:10] "GET /data/projects_data.json?v=27 HTTP/1.1" 200 -
::1 - - [26/Nov/2025 20:52:10] "GET /components/footer.html HTTP/1.1" 304 -
::1 - - [26/Nov/2025 21:00:30] "GET /projects.html HTTP/1.1" 304 -
::1 - - [26/Nov/2025 21:00:30] "GET /assets/css/style.css?v=25 HTTP/1.1" 304 -
::1 - - [26/Nov/2025 21:00:30] "GET /assets/js/components.js?v=27 HTTP/1.1" 304 -
::1 - - [26/Nov/2025 21:00:31] "GET /assets/js/main.js?v=27 HTTP/1.1" 200 -
::1 - - [26/Nov/2025 21:00:31] "GET /components/footer.html HTTP/1.1" 304 -
::1 - - [26/Nov/2025 21:00:31] "GET /data/projects_data.json?v=27 HTTP/1.1" 304 -
::1 - - [26/Nov/2025 21:01:43] "GET /gallery.html HTTP/1.1" 304 -
::1 - - [26/Nov/2025 21:01:43] "GET /assets/css/style.css?v=10 HTTP/1.1" 200 -
::1 - - [26/Nov/2025 21:01:43] "GET /assets/css/matrix-theme.css?v=10 HTTP/1.1" 304 -
::1 - - [26/Nov/2025 21:01:43] "GET /assets/js/components.js?v=10 HTTP/1.1" 304 -
::1 - - [26/Nov/2025 21:01:44] "GET /assets/js/main.js?v=10 HTTP/1.1" 200 -
::1 - - [26/Nov/2025 21:01:44] "GET /assets/js/matrix-rain.js?v=10 HTTP/1.1" 304 -
::1 - - [26/Nov/2025 21:01:44] "GET /data/projects_data.json?v=27 HTTP/1.1" 200 -
::1 - - [26/Nov/2025 21:01:44] "GET /assets/images/gallery/event-003.jpg HTTP/1.1" 304 -
::1 - - [26/Nov/2025 21:01:44] "GET /assets/images/gallery/event-002.jpg HTTP/1.1" 304 -
::1 - - [26/Nov/2025 21:01:44] "GET /assets/images/gallery/event-001.jpg HTTP/1.1" 304 -
::1 - - [26/Nov/2025 21:01:44] "GET /assets/images/gallery/event-004.jpg HTTP/1.1" 304 -
::1 - - [26/Nov/2025 21:01:44] "GET /assets/images/gallery/event-005.jpg HTTP/1.1" 304 -
::1 - - [26/Nov/2025 21:01:44] "GET /assets/images/gallery/event-006.jpg HTTP/1.1" 304 -
::1 - - [26/Nov/2025 21:01:44] "GET /assets/images/gallery/event-007.jpg HTTP/1.1" 304 -
::1 - - [26/Nov/2025 21:01:44] "GET /assets/images/gallery/event-008.jpg HTTP/1.1" 304 -
::1 - - [26/Nov/2025 21:01:44] "GET /assets/images/gallery/event-009.jpg HTTP/1.1" 304 -
::1 - - [26/Nov/2025 21:01:45] "GET /assets/images/gallery/event-010.jpg HTTP/1.1" 304 -
::1 - - [26/Nov/2025 21:02:36] "GET /projects.html HTTP/1.1" 200 -
::1 - - [26/Nov/2025 21:02:37] "GET /assets/css/style.css?v=25 HTTP/1.1" 304 -
::1 - - [26/Nov/2025 21:02:37] "GET /assets/js/components.js?v=28 HTTP/1.1" 200 -
::1 - - [26/Nov/2025 21:02:37] "GET /assets/js/main.js?v=28 HTTP/1.1" 200 -
::1 - - [26/Nov/2025 21:02:37] "GET /assets/js/matrix-rain.js?v=28 HTTP/1.1" 200 -
::1 - - [26/Nov/2025 21:02:37] "GET /data/projects_data.json?v=28 HTTP/1.1" 200 -
::1 - - [26/Nov/2025 21:02:51] "GET /projects.html HTTP/1.1" 304 -
::1 - - [26/Nov/2025 21:02:51] "GET /assets/js/main.js?v=28 HTTP/1.1" 304 -
::1 - - [26/Nov/2025 21:02:51] "GET /data/projects_data.json?v=28 HTTP/1.1" 304 -
::1 - - [26/Nov/2025 21:03:40] "GET /assets/images/logo.png HTTP/1.1" 304 -
::1 - - [26/Nov/2025 21:03:40] "GET /assets/js/main.js?v=10 HTTP/1.1" 200 -
::1 - - [26/Nov/2025 21:03:40] "GET /data/projects_data.json?v=28 HTTP/1.1" 304 -
::1 - - [26/Nov/2025 21:03:59] "GET /community.html HTTP/1.1" 200 -
::1 - - [26/Nov/2025 21:03:59] "GET /assets/css/style.css?v=10 HTTP/1.1" 200 -
::1 - - [26/Nov/2025 21:03:59] "GET /assets/js/main.js?v=10 HTTP/1.1" 304 -
::1 - - [26/Nov/2025 21:03:59] "GET /data/projects_data.json?v=28 HTTP/1.1" 304 -
::1 - - [26/Nov/2025 21:04:39] "GET /assets/css/style.css?v=10 HTTP/1.1" 304 -
::1 - - [26/Nov/2025 21:04:39] "GET /assets/js/main.js?v=10 HTTP/1.1" 304 -
::1 - - [26/Nov/2025 21:04:39] "GET /data/projects_data.json?v=28 HTTP/1.1" 304 -
::1 - - [26/Nov/2025 21:05:16] "GET /assets/js/main.js?v=10 HTTP/1.1" 304 -
::1 - - [26/Nov/2025 21:05:16] "GET /assets/css/style.css?v=10 HTTP/1.1" 304 -
::1 - - [26/Nov/2025 21:05:16] "GET /data/projects_data.json?v=28 HTTP/1.1" 304 -
::1 - - [26/Nov/2025 21:05:27] "GET /index.html HTTP/1.1" 200 -
::1 - - [26/Nov/2025 21:05:27] "GET /assets/css/style.css?v=9 HTTP/1.1" 200 -
::1 - - [26/Nov/2025 21:05:28] "GET /assets/css/matrix-theme.css?v=9 HTTP/1.1" 200 -
::1 - - [26/Nov/2025 21:05:28] "GET /assets/js/video-player.js?v=10 HTTP/1.1" 200 -
::1 - - [26/Nov/2025 21:05:35] "GET /projects.html HTTP/1.1" 200 -
::1 - - [26/Nov/2025 21:05:36] "GET /assets/css/style.css?v=29 HTTP/1.1" 200 -
::1 - - [26/Nov/2025 21:05:36] "GET /assets/css/matrix-theme.css?v=29 HTTP/1.1" 200 -
::1 - - [26/Nov/2025 21:05:36] "GET /assets/js/main.js?v=28 HTTP/1.1" 304 -
::1 - - [26/Nov/2025 21:05:41] "GET /assets/css/style.css?v=10 HTTP/1.1" 200 -
::1 - - [26/Nov/2025 21:05:41] "GET /assets/js/main.js?v=10 HTTP/1.1" 304 -
::1 - - [26/Nov/2025 21:05:43] "GET /assets/css/style.css?v=10 HTTP/1.1" 304 -
::1 - - [26/Nov/2025 21:05:44] "GET /data/projects_data.json?v=28 HTTP/1.1" 304 -
::1 - - [26/Nov/2025 21:08:03] "GET /assets/css/style.css?v=10 HTTP/1.1" 200 -
::1 - - [26/Nov/2025 21:08:03] "GET /assets/js/main.js?v=10 HTTP/1.1" 200 -
::1 - - [26/Nov/2025 21:08:03] "GET /data/projects_data.json?v=28 HTTP/1.1" 304 -
::1 - - [26/Nov/2025 21:09:01] code 404, message File not found
::1 - - [26/Nov/2025 21:09:01] "GET /favicon.ico HTTP/1.1" 404 -
::1 - - [26/Nov/2025 21:10:10] "GET /gallery.html HTTP/1.1" 200 -
::1 - - [26/Nov/2025 21:10:10] "GET /assets/css/style.css?v=31 HTTP/1.1" 200 -
::1 - - [26/Nov/2025 21:10:10] "GET /assets/css/matrix-theme.css?v=31 HTTP/1.1" 200 -
::1 - - [26/Nov/2025 21:10:10] "GET /assets/js/main.js?v=31 HTTP/1.1" 200 -
::1 - - [26/Nov/2025 21:10:10] "GET /assets/js/components.js?v=10 HTTP/1.1" 304 -
::1 - - [26/Nov/2025 21:10:10] "GET /components/footer.html HTTP/1.1" 304 -
::1 - - [26/Nov/2025 21:10:10] "GET /data/projects_data.json?v=28 HTTP/1.1" 304 -
::1 - - [26/Nov/2025 21:10:13] code 404, message File not found
::1 - - [26/Nov/2025 21:10:13] "GET /favicon.ico HTTP/1.1" 404 -
::1 - - [26/Nov/2025 21:10:42] "GET /assets/js/main.js?v=10 HTTP/1.1" 304 -
::1 - - [26/Nov/2025 21:10:42] "GET /assets/css/style.css?v=10 HTTP/1.1" 304 -
::1 - - [26/Nov/2025 21:10:45] "GET /projects.html HTTP/1.1" 304 -
::1 - - [26/Nov/2025 21:10:45] "GET /assets/css/style.css?v=29 HTTP/1.1" 200 -
::1 - - [26/Nov/2025 21:10:45] "GET /assets/js/main.js?v=28 HTTP/1.1" 200 -
::1 - - [26/Nov/2025 21:11:23] "GET /assets/css/style.css?v=9 HTTP/1.1" 200 -
::1 - - [26/Nov/2025 21:11:23] "GET /assets/js/main.js?v=10 HTTP/1.1" 304 -
::1 - - [26/Nov/2025 21:11:23] "GET /data/projects_data.json?v=28 HTTP/1.1" 304 -
::1 - - [26/Nov/2025 21:11:27] "GET /projects.html HTTP/1.1" 304 -
::1 - - [26/Nov/2025 21:11:27] "GET /assets/css/style.css?v=29 HTTP/1.1" 304 -
::1 - - [26/Nov/2025 21:11:27] "GET /assets/js/components.js?v=28 HTTP/1.1" 304 -
::1 - - [26/Nov/2025 21:11:27] "GET /assets/js/main.js?v=28 HTTP/1.1" 304 -
::1 - - [26/Nov/2025 21:11:35] "GET /gallery.html HTTP/1.1" 304 -
::1 - - [26/Nov/2025 21:11:35] "GET /assets/css/style.css?v=31 HTTP/1.1" 304 -
::1 - - [26/Nov/2025 21:11:35] "GET /assets/js/main.js?v=31 HTTP/1.1" 304 -
::1 - - [26/Nov/2025 21:11:39] "GET /assets/css/style.css?v=10 HTTP/1.1" 304 -
::1 - - [26/Nov/2025 21:11:52] "GET /assets/css/style.css?v=9 HTTP/1.1" 304 -
::1 - - [26/Nov/2025 21:11:52] "GET /assets/js/main.js?v=10 HTTP/1.1" 304 -
::1 - - [26/Nov/2025 21:12:07] "GET /assets/css/style.css?v=29 HTTP/1.1" 304 -
::1 - - [26/Nov/2025 21:12:07] "GET /assets/js/main.js?v=28 HTTP/1.1" 304 -
::1 - - [26/Nov/2025 21:12:13] "GET /gallery.html HTTP/1.1" 304 -
::1 - - [26/Nov/2025 21:12:13] "GET /assets/css/style.css?v=31 HTTP/1.1" 304 -
::1 - - [26/Nov/2025 21:12:13] "GET /assets/js/main.js?v=31 HTTP/1.1" 304 -
::1 - - [26/Nov/2025 21:12:21] "GET /community.html HTTP/1.1" 304 -
::1 - - [26/Nov/2025 21:12:21] "GET /assets/css/style.css?v=10 HTTP/1.1" 304 -
::1 - - [26/Nov/2025 21:12:21] "GET /assets/js/main.js?v=10 HTTP/1.1" 304 -
::1 - - [26/Nov/2025 21:13:39] "GET /assets/css/style.css?v=9 HTTP/1.1" 304 -
::1 - - [26/Nov/2025 21:13:40] "GET /assets/js/main.js?v=10 HTTP/1.1" 304 -
::1 - - [26/Nov/2025 21:13:40] "GET /data/projects_data.json?v=28 HTTP/1.1" 304 -
::1 - - [26/Nov/2025 21:14:24] "GET /projects.html HTTP/1.1" 304 -
::1 - - [26/Nov/2025 21:14:24] "GET /assets/css/style.css?v=29 HTTP/1.1" 304 -
::1 - - [26/Nov/2025 21:14:25] "GET /assets/js/main.js?v=28 HTTP/1.1" 304 -
::1 - - [26/Nov/2025 21:14:28] "GET /gallery.html HTTP/1.1" 304 -
::1 - - [26/Nov/2025 21:14:28] "GET /assets/css/style.css?v=31 HTTP/1.1" 304 -
::1 - - [26/Nov/2025 21:14:28] "GET /assets/js/main.js?v=31 HTTP/1.1" 304 -
::1 - - [26/Nov/2025 21:14:42] "GET /assets/css/style.css?v=10 HTTP/1.1" 304 -
::1 - - [26/Nov/2025 21:14:42] "GET /assets/css/matrix-theme.css?v=10 HTTP/1.1" 304 -
::1 - - [26/Nov/2025 21:14:42] "GET /assets/js/main.js?v=10 HTTP/1.1" 304 -
::1 - - [26/Nov/2025 21:16:47] "GET /community.html HTTP/1.1" 304 -
::1 - - [26/Nov/2025 21:16:47] "GET /assets/css/style.css?v=10 HTTP/1.1" 304 -
::1 - - [26/Nov/2025 21:16:47] "GET /assets/js/main.js?v=10 HTTP/1.1" 304 -
::1 - - [26/Nov/2025 21:16:47] "GET /data/projects_data.json?v=28 HTTP/1.1" 304 -
::1 - - [26/Nov/2025 21:16:48] "GET /community.html HTTP/1.1" 304 -
::1 - - [26/Nov/2025 21:16:49] "GET /community.html HTTP/1.1" 304 -
::1 - - [26/Nov/2025 21:16:49] "GET /community.html HTTP/1.1" 304 -
::1 - - [26/Nov/2025 21:17:05] "GET /projects.html HTTP/1.1" 304 -
::1 - - [26/Nov/2025 21:17:05] "GET /assets/css/style.css?v=29 HTTP/1.1" 304 -
::1 - - [26/Nov/2025 21:17:05] "GET /assets/js/main.js?v=28 HTTP/1.1" 304 -
::1 - - [26/Nov/2025 21:17:09] "GET /projects.html HTTP/1.1" 304 -
::1 - - [26/Nov/2025 21:17:10] "GET /projects.html HTTP/1.1" 304 -
::1 - - [26/Nov/2025 21:17:10] "GET /projects.html HTTP/1.1" 304 -
::1 - - [26/Nov/2025 21:17:11] "GET /gallery.html HTTP/1.1" 304 -
::1 - - [26/Nov/2025 21:17:11] "GET /assets/css/style.css?v=31 HTTP/1.1" 304 -
::1 - - [26/Nov/2025 21:17:11] "GET /assets/js/main.js?v=31 HTTP/1.1" 304 -
::1 - - [26/Nov/2025 21:17:12] "GET /gallery.html HTTP/1.1" 304 -
::1 - - [26/Nov/2025 21:17:13] "GET /index.html HTTP/1.1" 200 -
::1 - - [26/Nov/2025 21:17:13] "GET /assets/css/style.css?v=9 HTTP/1.1" 304 -
::1 - - [26/Nov/2025 21:17:16] "GET /index.html HTTP/1.1" 304 -
::1 - - [26/Nov/2025 21:17:45] "GET /community.html HTTP/1.1" 200 -
::1 - - [26/Nov/2025 21:17:45] "GET /assets/css/style.css?v=10 HTTP/1.1" 304 -
::1 - - [26/Nov/2025 21:17:45] "GET /assets/js/main.js?v=10 HTTP/1.1" 304 -
::1 - - [26/Nov/2025 21:19:55] "GET /gallery.html HTTP/1.1" 304 -
::1 - - [26/Nov/2025 21:19:55] "GET /assets/css/style.css?v=31 HTTP/1.1" 304 -
::1 - - [26/Nov/2025 21:19:55] "GET /assets/js/components.js?v=10 HTTP/1.1" 304 -
::1 - - [26/Nov/2025 21:19:55] "GET /assets/js/main.js?v=31 HTTP/1.1" 304 -
::1 - - [26/Nov/2025 21:19:55] "GET /assets/js/matrix-rain.js?v=10 HTTP/1.1" 304 -
::1 - - [26/Nov/2025 21:19:55] "GET /components/footer.html HTTP/1.1" 304 -
::1 - - [26/Nov/2025 21:19:55] "GET /data/projects_data.json?v=28 HTTP/1.1" 304 -
::1 - - [26/Nov/2025 21:20:00] "GET /projects.html HTTP/1.1" 304 -
::1 - - [26/Nov/2025 21:20:00] "GET /assets/css/style.css?v=29 HTTP/1.1" 304 -
::1 - - [26/Nov/2025 21:20:00] "GET /assets/js/matrix-rain.js?v=28 HTTP/1.1" 304 -
::1 - - [26/Nov/2025 21:20:00] "GET /assets/css/matrix-theme.css?v=29 HTTP/1.1" 304 -
::1 - - [26/Nov/2025 21:20:00] "GET /assets/js/main.js?v=28 HTTP/1.1" 304 -
::1 - - [26/Nov/2025 21:20:04] "GET /index.html HTTP/1.1" 304 -
::1 - - [26/Nov/2025 21:20:04] "GET /assets/css/style.css?v=9 HTTP/1.1" 304 -
::1 - - [26/Nov/2025 21:20:04] "GET /assets/js/main.js?v=10 HTTP/1.1" 304 -
::1 - - [26/Nov/2025 21:20:04] "GET /assets/css/matrix-theme.css?v=9 HTTP/1.1" 304 -
::1 - - [26/Nov/2025 21:20:11] "GET /community.html HTTP/1.1" 200 -
::1 - - [26/Nov/2025 21:20:11] "GET /assets/css/style.css?v=10 HTTP/1.1" 304 -
::1 - - [26/Nov/2025 21:20:16] "GET /community.html HTTP/1.1" 304 -
::1 - - [26/Nov/2025 21:20:53] "GET /community.html HTTP/1.1" 304 -
::1 - - [26/Nov/2025 21:21:14] "GET /community.html HTTP/1.1" 200 -
::1 - - [26/Nov/2025 21:21:21] "GET /index.html HTTP/1.1" 200 -
::1 - - [26/Nov/2025 21:21:21] "GET /assets/css/style.css?v=9 HTTP/1.1" 304 -
::1 - - [26/Nov/2025 21:21:21] "GET /assets/js/main.js?v=10 HTTP/1.1" 304 -
::1 - - [26/Nov/2025 21:21:21] "GET /assets/js/video-player.js?v=10 HTTP/1.1" 304 -
::1 - - [26/Nov/2025 21:21:29] "GET /community.html HTTP/1.1" 304 -
::1 - - [26/Nov/2025 21:21:29] "GET /assets/css/style.css?v=10 HTTP/1.1" 304 -
::1 - - [26/Nov/2025 21:22:51] "GET /community.html HTTP/1.1" 304 -
::1 - - [26/Nov/2025 21:22:51] "GET /assets/js/main.js?v=10 HTTP/1.1" 304 -
::1 - - [26/Nov/2025 21:22:51] "GET /data/projects_data.json?v=28 HTTP/1.1" 304 -
::1 - - [26/Nov/2025 21:22:53] "GET /community.html HTTP/1.1" 304 -
::1 - - [26/Nov/2025 21:22:53] "GET /assets/css/style.css?v=10 HTTP/1.1" 304 -
::1 - - [26/Nov/2025 21:22:54] "GET /community.html HTTP/1.1" 200 -
::1 - - [26/Nov/2025 21:22:54] "GET /assets/css/style.css?v=10 HTTP/1.1" 200 -
::1 - - [26/Nov/2025 21:22:55] "GET /assets/css/matrix-theme.css?v=10 HTTP/1.1" 200 -
::1 - - [26/Nov/2025 21:22:55] "GET /assets/js/components.js?v=10 HTTP/1.1" 200 -
::1 - - [26/Nov/2025 21:22:55] "GET /assets/images/logo.png HTTP/1.1" 200 -
::1 - - [26/Nov/2025 21:22:55] "GET /assets/js/matrix-rain.js?v=10 HTTP/1.1" 200 -
::1 - - [26/Nov/2025 21:22:55] "GET /assets/js/main.js?v=10 HTTP/1.1" 200 -
::1 - - [26/Nov/2025 21:22:55] "GET /components/footer.html HTTP/1.1" 200 -
::1 - - [26/Nov/2025 21:22:55] "GET /data/projects_data.json?v=28 HTTP/1.1" 200 -
::1 - - [26/Nov/2025 21:22:55] code 404, message File not found
::1 - - [26/Nov/2025 21:22:55] "GET /favicon.ico HTTP/1.1" 404 -
::1 - - [26/Nov/2025 21:22:59] "GET /community.html HTTP/1.1" 200 -
::1 - - [26/Nov/2025 21:23:00] "GET /community.html HTTP/1.1" 304 -
::1 - - [26/Nov/2025 21:23:00] "GET /community.html HTTP/1.1" 304 -
::1 - - [26/Nov/2025 21:23:04] "GET /community.html HTTP/1.1" 304 -
::1 - - [26/Nov/2025 21:25:01] "GET /community.html HTTP/1.1" 200 -
::1 - - [26/Nov/2025 21:25:01] "GET /assets/css/style.css?v=10 HTTP/1.1" 304 -
::1 - - [26/Nov/2025 21:25:01] "GET /assets/js/main.js?v=10 HTTP/1.1" 304 -
::1 - - [26/Nov/2025 21:25:02] "GET /community.html HTTP/1.1" 304 -
::1 - - [26/Nov/2025 21:25:03] "GET /community.html HTTP/1.1" 304 -
::1 - - [26/Nov/2025 21:25:04] "GET /community.html HTTP/1.1" 304 -
::1 - - [26/Nov/2025 21:25:04] "GET /community.html HTTP/1.1" 304 -
::1 - - [26/Nov/2025 21:25:11] "GET /community.html HTTP/1.1" 304 -
::1 - - [26/Nov/2025 21:25:11] "GET /data/projects_data.json?v=28 HTTP/1.1" 304 -
::1 - - [26/Nov/2025 21:25:58] "GET /community.html HTTP/1.1" 200 -
::1 - - [26/Nov/2025 21:26:03] "GET /community.html HTTP/1.1" 304 -
::1 - - [26/Nov/2025 21:26:44] "GET /community.html HTTP/1.1" 200 -
::1 - - [26/Nov/2025 21:26:47] "GET /index.html HTTP/1.1" 304 -
::1 - - [26/Nov/2025 21:26:47] "GET /assets/css/style.css?v=9 HTTP/1.1" 304 -
::1 - - [26/Nov/2025 21:26:47] "GET /assets/js/main.js?v=10 HTTP/1.1" 304 -
::1 - - [26/Nov/2025 21:26:49] "GET /projects.html HTTP/1.1" 304 -
::1 - - [26/Nov/2025 21:26:49] "GET /assets/css/style.css?v=29 HTTP/1.1" 304 -
::1 - - [26/Nov/2025 21:26:49] "GET /assets/js/components.js?v=28 HTTP/1.1" 304 -
::1 - - [26/Nov/2025 21:26:49] "GET /assets/js/main.js?v=28 HTTP/1.1" 304 -
::1 - - [26/Nov/2025 21:26:52] "GET /gallery.html HTTP/1.1" 304 -
::1 - - [26/Nov/2025 21:26:52] "GET /assets/css/style.css?v=31 HTTP/1.1" 304 -
::1 - - [26/Nov/2025 21:26:52] "GET /assets/css/matrix-theme.css?v=31 HTTP/1.1" 304 -
::1 - - [26/Nov/2025 21:26:52] "GET /assets/js/main.js?v=31 HTTP/1.1" 304 -
::1 - - [26/Nov/2025 21:26:52] "GET /assets/images/gallery/event-002.jpg HTTP/1.1" 304 -
::1 - - [26/Nov/2025 21:26:52] "GET /assets/images/gallery/event-001.jpg HTTP/1.1" 304 -
::1 - - [26/Nov/2025 21:26:52] "GET /assets/images/gallery/event-005.jpg HTTP/1.1" 304 -
::1 - - [26/Nov/2025 21:26:52] "GET /assets/images/gallery/event-003.jpg HTTP/1.1" 304 -
::1 - - [26/Nov/2025 21:26:52] "GET /assets/images/gallery/event-006.jpg HTTP/1.1" 304 -
::1 - - [26/Nov/2025 21:26:52] "GET /assets/images/gallery/event-004.jpg HTTP/1.1" 304 -
::1 - - [26/Nov/2025 21:26:52] "GET /assets/images/gallery/event-007.jpg HTTP/1.1" 304 -
::1 - - [26/Nov/2025 21:26:52] "GET /assets/images/gallery/event-008.jpg HTTP/1.1" 304 -
::1 - - [26/Nov/2025 21:26:52] "GET /assets/images/gallery/event-009.jpg HTTP/1.1" 304 -
::1 - - [26/Nov/2025 21:26:58] "GET /assets/images/gallery/event-010.jpg HTTP/1.1" 304 -
::1 - - [26/Nov/2025 21:27:00] "GET /community.html HTTP/1.1" 304 -
::1 - - [26/Nov/2025 21:27:00] "GET /assets/css/style.css?v=10 HTTP/1.1" 304 -
::1 - - [26/Nov/2025 21:32:05] "GET /community.html HTTP/1.1" 304 -
::1 - - [26/Nov/2025 21:32:06] "GET /assets/css/style.css?v=10 HTTP/1.1" 304 -
::1 - - [26/Nov/2025 21:32:06] "GET /assets/js/main.js?v=10 HTTP/1.1" 304 -
::1 - - [26/Nov/2025 21:32:06] "GET /data/projects_data.json?v=28 HTTP/1.1" 304 -
::1 - - [26/Nov/2025 21:32:28] "GET /index.html HTTP/1.1" 304 -
::1 - - [26/Nov/2025 21:32:28] "GET /assets/css/style.css?v=9 HTTP/1.1" 304 -
::1 - - [26/Nov/2025 21:32:34] "GET /projects.html HTTP/1.1" 304 -
::1 - - [26/Nov/2025 21:32:34] "GET /assets/css/style.css?v=29 HTTP/1.1" 304 -
::1 - - [26/Nov/2025 21:32:34] "GET /assets/js/main.js?v=28 HTTP/1.1" 304 -
::1 - - [26/Nov/2025 21:32:38] "GET /gallery.html HTTP/1.1" 304 -
::1 - - [26/Nov/2025 21:32:38] "GET /assets/css/style.css?v=31 HTTP/1.1" 304 -
::1 - - [26/Nov/2025 21:32:38] "GET /assets/js/main.js?v=31 HTTP/1.1" 304 -
::1 - - [26/Nov/2025 21:32:43] "GET /community.html HTTP/1.1" 304 -
::1 - - [26/Nov/2025 21:33:18] "GET /assets/js/components.js?v=10 HTTP/1.1" 304 -
::1 - - [26/Nov/2025 21:33:18] "GET /components/footer.html HTTP/1.1" 304 -
::1 - - [26/Nov/2025 21:33:21] code 404, message File not found
::1 - - [26/Nov/2025 21:33:21] "GET /favicon.ico HTTP/1.1" 404 -
::1 - - [26/Nov/2025 21:33:27] "GET /index.html HTTP/1.1" 304 -
::1 - - [26/Nov/2025 21:33:31] code 404, message File not found
::1 - - [26/Nov/2025 21:33:31] "GET /favicon.ico HTTP/1.1" 404 -
::1 - - [26/Nov/2025 21:33:44] code 404, message File not found
::1 - - [26/Nov/2025 21:33:44] "GET /favicon.ico HTTP/1.1" 404 -
::1 - - [26/Nov/2025 21:34:12] "GET /community.html HTTP/1.1" 304 -
::1 - - [26/Nov/2025 21:34:46] "GET /assets/css/style.css?v=10 HTTP/1.1" 304 -
::1 - - [26/Nov/2025 21:34:46] "GET /assets/js/main.js?v=10 HTTP/1.1" 304 -
::1 - - [26/Nov/2025 21:35:10] "GET /community.html HTTP/1.1" 200 -
::1 - - [26/Nov/2025 21:35:10] "GET /assets/css/style.css?v=32 HTTP/1.1" 200 -
::1 - - [26/Nov/2025 21:35:10] "GET /assets/css/matrix-theme.css?v=32 HTTP/1.1" 200 -
::1 - - [26/Nov/2025 21:35:10] "GET /assets/js/matrix-rain.js?v=32 HTTP/1.1" 200 -
::1 - - [26/Nov/2025 21:35:10] "GET /assets/js/components.js?v=32 HTTP/1.1" 200 -
::1 - - [26/Nov/2025 21:35:10] "GET /assets/js/main.js?v=32 HTTP/1.1" 200 -
::1 - - [26/Nov/2025 21:35:11] "GET /community.html HTTP/1.1" 304 -
::1 - - [26/Nov/2025 21:35:42] "GET /index.html HTTP/1.1" 304 -
::1 - - [26/Nov/2025 21:35:42] "GET /assets/css/style.css?v=9 HTTP/1.1" 304 -
::1 - - [26/Nov/2025 21:35:42] "GET /assets/css/matrix-theme.css?v=9 HTTP/1.1" 304 -
::1 - - [26/Nov/2025 21:35:42] "GET /data/projects_data.json?v=28 HTTP/1.1" 304 -
::1 - - [26/Nov/2025 21:35:43] code 404, message File not found
::1 - - [26/Nov/2025 21:35:43] "GET /favicon.ico HTTP/1.1" 404 -
::1 - - [26/Nov/2025 21:36:06] "GET /gallery.html HTTP/1.1" 304 -
::1 - - [26/Nov/2025 21:36:06] "GET /assets/css/style.css?v=31 HTTP/1.1" 304 -
::1 - - [26/Nov/2025 21:36:06] "GET /assets/js/main.js?v=31 HTTP/1.1" 304 -
::1 - - [26/Nov/2025 21:36:09] code 404, message File not found
::1 - - [26/Nov/2025 21:36:09] "GET /favicon.ico HTTP/1.1" 404 -
::1 - - [26/Nov/2025 21:36:13] "GET /community.html HTTP/1.1" 304 -
::1 - - [26/Nov/2025 21:36:31] "GET /projects.html HTTP/1.1" 304 -
::1 - - [26/Nov/2025 21:36:31] "GET /assets/css/style.css?v=29 HTTP/1.1" 304 -
::1 - - [26/Nov/2025 21:36:31] "GET /assets/css/matrix-theme.css?v=29 HTTP/1.1" 304 -
::1 - - [26/Nov/2025 21:36:31] "GET /assets/js/main.js?v=28 HTTP/1.1" 304 -
::1 - - [26/Nov/2025 21:37:17] "GET /projects.html HTTP/1.1" 304 -
::1 - - [26/Nov/2025 21:37:18] "GET /projects.html HTTP/1.1" 304 -
::1 - - [26/Nov/2025 21:37:20] "GET /community.html HTTP/1.1" 304 -
::1 - - [26/Nov/2025 21:37:26] "GET /assets/js/components.js?v=28 HTTP/1.1" 304 -
::1 - - [26/Nov/2025 21:37:27] "GET /index.html HTTP/1.1" 304 -
::1 - - [26/Nov/2025 21:37:29] code 404, message File not found
::1 - - [26/Nov/2025 21:37:29] "GET /favicon.ico HTTP/1.1" 404 -
::1 - - [26/Nov/2025 21:39:33] "GET /index.html HTTP/1.1" 304 -
::1 - - [26/Nov/2025 21:39:34] "GET /assets/css/style.css?v=9 HTTP/1.1" 200 -
::1 - - [26/Nov/2025 21:39:34] "GET /assets/js/main.js?v=10 HTTP/1.1" 304 -
::1 - - [26/Nov/2025 21:39:34] "GET /assets/js/video-player.js?v=10 HTTP/1.1" 304 -
::1 - - [26/Nov/2025 21:39:34] "GET /data/projects_data.json?v=28 HTTP/1.1" 304 -
::1 - - [26/Nov/2025 21:39:36] code 404, message File not found
::1 - - [26/Nov/2025 21:39:36] "GET /favicon.ico HTTP/1.1" 404 -
::1 - - [26/Nov/2025 21:39:57] "GET /index.html HTTP/1.1" 304 -
::1 - - [26/Nov/2025 21:39:57] "GET /assets/css/style.css?v=9 HTTP/1.1" 304 -
::1 - - [26/Nov/2025 21:39:59] code 404, message File not found
::1 - - [26/Nov/2025 21:39:59] "GET /favicon.ico HTTP/1.1" 404 -
::1 - - [26/Nov/2025 21:40:03] "GET /index.html HTTP/1.1" 304 -
::1 - - [26/Nov/2025 21:40:03] "GET /assets/css/style.css?v=9 HTTP/1.1" 200 -
::1 - - [26/Nov/2025 21:40:06] code 404, message File not found
::1 - - [26/Nov/2025 21:40:06] "GET /favicon.ico HTTP/1.1" 404 -
::1 - - [26/Nov/2025 21:40:11] "GET /index.html HTTP/1.1" 304 -
::1 - - [26/Nov/2025 21:40:11] "GET /assets/css/style.css?v=9 HTTP/1.1" 304 -
::1 - - [26/Nov/2025 21:40:13] code 404, message File not found
::1 - - [26/Nov/2025 21:40:13] "GET /favicon.ico HTTP/1.1" 404 -
::1 - - [26/Nov/2025 21:40:18] "GET /index.html HTTP/1.1" 304 -
::1 - - [26/Nov/2025 21:40:18] "GET /assets/css/style.css?v=9 HTTP/1.1" 304 -
::1 - - [26/Nov/2025 21:40:18] "GET /index.html HTTP/1.1" 304 -
::1 - - [26/Nov/2025 21:40:19] "GET /index.html HTTP/1.1" 304 -
::1 - - [26/Nov/2025 21:40:19] "GET /index.html HTTP/1.1" 200 -
::1 - - [26/Nov/2025 21:40:19] "GET /assets/css/style.css?v=9 HTTP/1.1" 200 -
::1 - - [26/Nov/2025 21:40:19] "GET /assets/images/logo.png HTTP/1.1" 200 -
::1 - - [26/Nov/2025 21:40:19] "GET /assets/css/matrix-theme.css?v=9 HTTP/1.1" 200 -
::1 - - [26/Nov/2025 21:40:19] "GET /assets/js/components.js?v=10 HTTP/1.1" 200 -
::1 - - [26/Nov/2025 21:40:19] "GET /assets/js/matrix-rain.js?v=10 HTTP/1.1" 200 -
::1 - - [26/Nov/2025 21:40:19] "GET /assets/js/main.js?v=10 HTTP/1.1" 200 -
::1 - - [26/Nov/2025 21:40:19] "GET /assets/js/video-player.js?v=10 HTTP/1.1" 200 -
::1 - - [26/Nov/2025 21:40:19] "GET /data/projects_data.json?v=28 HTTP/1.1" 200 -
::1 - - [26/Nov/2025 21:40:19] "GET /components/footer.html HTTP/1.1" 200 -
::1 - - [26/Nov/2025 21:40:19] code 404, message File not found
::1 - - [26/Nov/2025 21:40:19] "GET /favicon.ico HTTP/1.1" 404 -
::1 - - [26/Nov/2025 21:40:23] "GET /index.html HTTP/1.1" 304 -
::1 - - [26/Nov/2025 21:40:23] "GET /assets/css/style.css?v=9 HTTP/1.1" 304 -
::1 - - [26/Nov/2025 21:40:24] "GET /community.html HTTP/1.1" 304 -
::1 - - [26/Nov/2025 21:40:24] "GET /assets/css/style.css?v=32 HTTP/1.1" 200 -
::1 - - [26/Nov/2025 21:40:24] "GET /assets/js/main.js?v=32 HTTP/1.1" 304 -
::1 - - [26/Nov/2025 21:40:26] "GET /assets/css/style.css?v=9 HTTP/1.1" 304 -
::1 - - [26/Nov/2025 21:40:28] code 404, message File not found
::1 - - [26/Nov/2025 21:40:28] "GET /favicon.ico HTTP/1.1" 404 -
::1 - - [26/Nov/2025 21:40:35] "GET /index.html HTTP/1.1" 304 -
::1 - - [26/Nov/2025 21:40:35] "GET /assets/css/style.css?v=9 HTTP/1.1" 304 -
::1 - - [26/Nov/2025 21:40:37] code 404, message File not found
::1 - - [26/Nov/2025 21:40:37] "GET /favicon.ico HTTP/1.1" 404 -
::1 - - [26/Nov/2025 21:40:41] "GET /index.html HTTP/1.1" 304 -
::1 - - [26/Nov/2025 21:40:41] "GET /assets/css/style.css?v=9 HTTP/1.1" 200 -
::1 - - [26/Nov/2025 21:40:42] "GET /index.html HTTP/1.1" 304 -
::1 - - [26/Nov/2025 21:40:42] "GET /assets/css/style.css?v=9 HTTP/1.1" 304 -
::1 - - [26/Nov/2025 21:40:43] code 404, message File not found
::1 - - [26/Nov/2025 21:40:43] "GET /favicon.ico HTTP/1.1" 404 -
::1 - - [26/Nov/2025 21:40:47] "GET /index.html HTTP/1.1" 304 -
::1 - - [26/Nov/2025 21:40:47] "GET /assets/css/style.css?v=9 HTTP/1.1" 304 -
::1 - - [26/Nov/2025 21:40:49] code 404, message File not found
::1 - - [26/Nov/2025 21:40:49] "GET /favicon.ico HTTP/1.1" 404 -
::1 - - [26/Nov/2025 21:41:27] "GET /projects.html HTTP/1.1" 304 -
::1 - - [26/Nov/2025 21:41:27] "GET /assets/js/main.js?v=28 HTTP/1.1" 304 -
::1 - - [26/Nov/2025 21:41:27] "GET /assets/css/style.css?v=29 HTTP/1.1" 200 -
::1 - - [26/Nov/2025 21:41:27] "GET /assets/js/matrix-rain.js?v=28 HTTP/1.1" 304 -
::1 - - [26/Nov/2025 21:41:29] "GET /assets/css/style.css?v=9 HTTP/1.1" 200 -
::1 - - [26/Nov/2025 21:41:31] code 404, message File not found
::1 - - [26/Nov/2025 21:41:31] "GET /favicon.ico HTTP/1.1" 404 -
::1 - - [26/Nov/2025 21:41:50] "GET /index.html HTTP/1.1" 304 -
::1 - - [26/Nov/2025 21:41:51] "GET /assets/css/style.css?v=9 HTTP/1.1" 304 -
::1 - - [26/Nov/2025 21:41:54] code 404, message File not found
::1 - - [26/Nov/2025 21:41:54] "GET /favicon.ico HTTP/1.1" 404 -
::1 - - [26/Nov/2025 21:42:06] "GET /assets/css/style.css?v=29 HTTP/1.1" 200 -
::1 - - [26/Nov/2025 21:45:09] "GET /projects.html HTTP/1.1" 304 -
::1 - - [26/Nov/2025 21:45:09] "GET /assets/css/style.css?v=29 HTTP/1.1" 304 -
::1 - - [26/Nov/2025 21:45:09] "GET /assets/js/main.js?v=28 HTTP/1.1" 304 -
::1 - - [26/Nov/2025 21:45:09] "GET /data/projects_data.json?v=28 HTTP/1.1" 304 -
::1 - - [26/Nov/2025 21:46:25] "GET /index.html HTTP/1.1" 200 -
::1 - - [26/Nov/2025 21:46:26] "GET /assets/css/style.css?v=33 HTTP/1.1" 200 -
::1 - - [26/Nov/2025 21:46:26] "GET /assets/css/matrix-theme.css?v=33 HTTP/1.1" 200 -
::1 - - [26/Nov/2025 21:46:26] "GET /assets/js/components.js?v=33 HTTP/1.1" 200 -
::1 - - [26/Nov/2025 21:46:26] "GET /assets/js/matrix-rain.js?v=33 HTTP/1.1" 200 -
::1 - - [26/Nov/2025 21:46:26] "GET /assets/js/video-player.js?v=33 HTTP/1.1" 200 -
::1 - - [26/Nov/2025 21:46:26] "GET /assets/js/main.js?v=33 HTTP/1.1" 200 -
::1 - - [26/Nov/2025 21:46:26] "GET /index.html HTTP/1.1" 304 -
::1 - - [26/Nov/2025 21:46:29] code 404, message File not found
::1 - - [26/Nov/2025 21:46:29] "GET /favicon.ico HTTP/1.1" 404 -
::1 - - [26/Nov/2025 21:48:50] "GET /assets/css/style.css?v=29 HTTP/1.1" 304 -
::1 - - [26/Nov/2025 21:48:54] "GET /gallery.html HTTP/1.1" 304 -
::1 - - [26/Nov/2025 21:48:54] "GET /assets/css/style.css?v=31 HTTP/1.1" 200 -
::1 - - [26/Nov/2025 21:48:54] "GET /assets/css/matrix-theme.css?v=31 HTTP/1.1" 304 -
::1 - - [26/Nov/2025 21:48:54] "GET /assets/js/main.js?v=31 HTTP/1.1" 200 -
::1 - - [26/Nov/2025 21:48:54] "GET /data/projects_data.json?v=34 HTTP/1.1" 200 -
::1 - - [26/Nov/2025 21:48:58] "GET /community.html HTTP/1.1" 304 -
::1 - - [26/Nov/2025 21:48:58] "GET /assets/css/style.css?v=32 HTTP/1.1" 200 -
::1 - - [26/Nov/2025 21:48:58] "GET /assets/js/components.js?v=32 HTTP/1.1" 304 -
::1 - - [26/Nov/2025 21:48:58] "GET /assets/js/main.js?v=32 HTTP/1.1" 200 -
::1 - - [26/Nov/2025 21:49:51] "GET /community.html HTTP/1.1" 304 -
::1 - - [26/Nov/2025 21:49:51] "GET /assets/css/style.css?v=32 HTTP/1.1" 304 -
::1 - - [26/Nov/2025 21:49:51] "GET /assets/js/main.js?v=32 HTTP/1.1" 304 -
::1 - - [26/Nov/2025 21:49:51] "GET /data/projects_data.json?v=34 HTTP/1.1" 304 -
::1 - - [26/Nov/2025 21:49:52] "GET /projects.html HTTP/1.1" 200 -
::1 - - [26/Nov/2025 21:49:52] "GET /assets/css/style.css?v=34 HTTP/1.1" 200 -
::1 - - [26/Nov/2025 21:49:52] "GET /assets/css/matrix-theme.css?v=34 HTTP/1.1" 200 -
::1 - - [26/Nov/2025 21:49:52] "GET /assets/js/components.js?v=34 HTTP/1.1" 200 -
::1 - - [26/Nov/2025 21:49:52] "GET /assets/js/matrix-rain.js?v=34 HTTP/1.1" 200 -
::1 - - [26/Nov/2025 21:49:52] "GET /assets/js/main.js?v=34 HTTP/1.1" 200 -
::1 - - [26/Nov/2025 21:49:53] "GET /projects.html HTTP/1.1" 304 -
::1 - - [26/Nov/2025 21:50:31] "GET /index.html HTTP/1.1" 304 -
::1 - - [26/Nov/2025 21:50:31] "GET /assets/css/style.css?v=33 HTTP/1.1" 304 -
::1 - - [26/Nov/2025 21:50:31] "GET /assets/js/main.js?v=33 HTTP/1.1" 200 -
::1 - - [26/Nov/2025 21:50:32] "GET /data/projects_data.json?v=34 HTTP/1.1" 304 -
::1 - - [26/Nov/2025 21:50:38] code 404, message File not found
::1 - - [26/Nov/2025 21:50:38] "GET /favicon.ico HTTP/1.1" 404 -
::1 - - [26/Nov/2025 21:50:43] "GET /projects.html HTTP/1.1" 304 -
::1 - - [26/Nov/2025 21:50:43] "GET /assets/css/style.css?v=34 HTTP/1.1" 304 -
::1 - - [26/Nov/2025 21:50:43] "GET /assets/js/main.js?v=34 HTTP/1.1" 304 -
::1 - - [26/Nov/2025 21:50:46] "GET /assets/css/style.css?v=31 HTTP/1.1" 304 -
::1 - - [26/Nov/2025 21:50:46] "GET /assets/js/main.js?v=31 HTTP/1.1" 304 -
::1 - - [26/Nov/2025 21:50:49] "GET /assets/css/style.css?v=32 HTTP/1.1" 304 -
::1 - - [26/Nov/2025 21:50:49] "GET /assets/js/main.js?v=32 HTTP/1.1" 304 -
::1 - - [26/Nov/2025 21:50:49] "GET /data/projects_data.json?v=34 HTTP/1.1" 304 -
::1 - - [26/Nov/2025 21:51:12] "GET /assets/js/main.js?v=33 HTTP/1.1" 304 -
::1 - - [26/Nov/2025 21:51:12] "GET /data/projects_data.json?v=34 HTTP/1.1" 304 -
::1 - - [26/Nov/2025 21:51:17] "GET /projects.html HTTP/1.1" 304 -
::1 - - [26/Nov/2025 21:51:17] "GET /assets/js/main.js?v=34 HTTP/1.1" 304 -
::1 - - [26/Nov/2025 21:51:25] "GET /index.html HTTP/1.1" 304 -
::1 - - [26/Nov/2025 21:51:25] "GET /assets/css/style.css?v=33 HTTP/1.1" 200 -
::1 - - [26/Nov/2025 21:51:44] code 404, message File not found
::1 - - [26/Nov/2025 21:51:44] "GET /favicon.ico HTTP/1.1" 404 -
::1 - - [26/Nov/2025 21:52:13] "GET /projects.html HTTP/1.1" 304 -
::1 - - [26/Nov/2025 21:52:13] "GET /assets/css/style.css?v=34 HTTP/1.1" 200 -
::1 - - [26/Nov/2025 21:52:13] "GET /assets/js/main.js?v=34 HTTP/1.1" 304 -
::1 - - [26/Nov/2025 21:52:13] "GET /data/projects_data.json?v=34 HTTP/1.1" 304 -
::1 - - [26/Nov/2025 21:52:25] "GET /assets/css/style.css?v=31 HTTP/1.1" 200 -
::1 - - [26/Nov/2025 21:52:25] "GET /assets/js/components.js?v=10 HTTP/1.1" 304 -
::1 - - [26/Nov/2025 21:52:25] "GET /assets/js/main.js?v=31 HTTP/1.1" 304 -
::1 - - [26/Nov/2025 21:52:25] "GET /components/footer.html HTTP/1.1" 304 -
::1 - - [26/Nov/2025 21:52:25] "GET /assets/images/gallery/event-003.jpg HTTP/1.1" 304 -
::1 - - [26/Nov/2025 21:52:25] "GET /assets/images/gallery/event-001.jpg HTTP/1.1" 304 -
::1 - - [26/Nov/2025 21:52:25] "GET /assets/images/gallery/event-004.jpg HTTP/1.1" 304 -
::1 - - [26/Nov/2025 21:52:25] "GET /assets/images/gallery/event-002.jpg HTTP/1.1" 304 -
::1 - - [26/Nov/2025 21:52:25] "GET /assets/images/gallery/event-005.jpg HTTP/1.1" 304 -
::1 - - [26/Nov/2025 21:52:25] "GET /assets/images/gallery/event-006.jpg HTTP/1.1" 304 -
::1 - - [26/Nov/2025 21:52:25] "GET /assets/images/gallery/event-007.jpg HTTP/1.1" 304 -
::1 - - [26/Nov/2025 21:52:25] "GET /assets/images/gallery/event-008.jpg HTTP/1.1" 304 -
::1 - - [26/Nov/2025 21:52:25] "GET /assets/images/gallery/event-009.jpg HTTP/1.1" 304 -
::1 - - [26/Nov/2025 21:52:26] "GET /assets/images/gallery/event-010.jpg HTTP/1.1" 304 -
::1 - - [26/Nov/2025 21:52:29] "GET /community.html HTTP/1.1" 304 -
::1 - - [26/Nov/2025 21:52:29] "GET /assets/css/style.css?v=32 HTTP/1.1" 200 -
::1 - - [26/Nov/2025 21:52:29] "GET /assets/css/matrix-theme.css?v=32 HTTP/1.1" 304 -
::1 - - [26/Nov/2025 21:52:29] "GET /assets/js/main.js?v=32 HTTP/1.1" 304 -
::1 - - [26/Nov/2025 21:52:40] "GET /index.html HTTP/1.1" 304 -
::1 - - [26/Nov/2025 21:52:40] "GET /assets/css/style.css?v=33 HTTP/1.1" 304 -
::1 - - [26/Nov/2025 21:52:40] "GET /assets/js/main.js?v=33 HTTP/1.1" 304 -
::1 - - [26/Nov/2025 21:52:40] "GET /data/projects_data.json?v=34 HTTP/1.1" 304 -
::1 - - [26/Nov/2025 21:53:09] code 404, message File not found
::1 - - [26/Nov/2025 21:53:09] "GET /favicon.ico HTTP/1.1" 404 -
::1 - - [26/Nov/2025 21:53:15] "GET /index.html HTTP/1.1" 304 -
::1 - - [26/Nov/2025 21:53:15] "GET /assets/css/style.css?v=33 HTTP/1.1" 200 -
::1 - - [26/Nov/2025 21:53:15] "GET /assets/js/main.js?v=33 HTTP/1.1" 304 -
::1 - - [26/Nov/2025 21:53:15] "GET /data/projects_data.json?v=34 HTTP/1.1" 304 -
::1 - - [26/Nov/2025 21:53:18] "GET /index.html HTTP/1.1" 304 -
::1 - - [26/Nov/2025 21:53:18] "GET /assets/css/style.css?v=33 HTTP/1.1" 304 -
::1 - - [26/Nov/2025 21:53:22] code 404, message File not found
::1 - - [26/Nov/2025 21:53:22] "GET /favicon.ico HTTP/1.1" 404 -
::1 - - [26/Nov/2025 21:53:33] "GET /index.html HTTP/1.1" 304 -
::1 - - [26/Nov/2025 21:53:33] "GET /assets/css/style.css?v=33 HTTP/1.1" 304 -
::1 - - [26/Nov/2025 21:53:37] code 404, message File not found
::1 - - [26/Nov/2025 21:53:37] "GET /favicon.ico HTTP/1.1" 404 -
::1 - - [26/Nov/2025 21:54:25] "GET /index.html HTTP/1.1" 200 -
::1 - - [26/Nov/2025 21:54:25] "GET /assets/css/style.css?v=35 HTTP/1.1" 200 -
::1 - - [26/Nov/2025 21:54:25] "GET /assets/css/matrix-theme.css?v=35 HTTP/1.1" 200 -
::1 - - [26/Nov/2025 21:54:25] "GET /assets/js/components.js?v=35 HTTP/1.1" 200 -
::1 - - [26/Nov/2025 21:54:25] "GET /assets/js/matrix-rain.js?v=35 HTTP/1.1" 200 -
::1 - - [26/Nov/2025 21:54:25] "GET /assets/js/main.js?v=35 HTTP/1.1" 200 -
::1 - - [26/Nov/2025 21:54:25] "GET /assets/js/video-player.js?v=35 HTTP/1.1" 200 -
::1 - - [26/Nov/2025 21:54:25] "GET /data/projects_data.json?v=34 HTTP/1.1" 304 -
::1 - - [26/Nov/2025 21:54:27] "GET /index.html HTTP/1.1" 304 -
::1 - - [26/Nov/2025 21:54:29] code 404, message File not found
::1 - - [26/Nov/2025 21:54:29] "GET /favicon.ico HTTP/1.1" 404 -
::1 - - [26/Nov/2025 21:54:51] "GET /projects.html HTTP/1.1" 304 -
::1 - - [26/Nov/2025 21:54:51] "GET /assets/css/style.css?v=34 HTTP/1.1" 200 -
::1 - - [26/Nov/2025 21:54:51] "GET /assets/js/main.js?v=34 HTTP/1.1" 304 -
::1 - - [26/Nov/2025 21:57:57] "GET /projects.html HTTP/1.1" 200 -
::1 - - [26/Nov/2025 21:57:57] "GET /assets/css/style.css?v=34 HTTP/1.1" 304 -
::1 - - [26/Nov/2025 21:57:57] "GET /assets/js/main.js?v=34 HTTP/1.1" 304 -
::1 - - [26/Nov/2025 21:57:58] "GET /data/projects_data.json?v=34 HTTP/1.1" 304 -
::1 - - [26/Nov/2025 21:58:00] "GET /index.html HTTP/1.1" 304 -
::1 - - [26/Nov/2025 21:58:00] "GET /assets/css/style.css?v=35 HTTP/1.1" 304 -
::1 - - [26/Nov/2025 21:58:00] "GET /assets/js/main.js?v=35 HTTP/1.1" 304 -
